spark-text_io.ads:51:08: medium: initial condition might fail[#6]
spark-text_io.ads:51:42: high: "Standard_Input" is not initialized[#0]
spark-text_io.ads:52:42: high: "Standard_Output" is not initialized[#2]
spark-text_io.ads:53:42: high: "Standard_Error" is not initialized[#4]
spark-text_io.ads:102:04: high: "Standard_Input" is not initialized in "Text_IO"[#1]
spark-text_io.ads:103:04: high: "Standard_Output" is not initialized in "Text_IO"[#3]
spark-text_io.ads:104:04: high: "Standard_Error" is not initialized in "Text_IO"[#5]
spark-text_io.ads:288:24: medium: precondition might fail, cannot prove Is_Open (File)[#7]
spark-text_io.ads:290:24: medium: precondition might fail, cannot prove Is_Open (File)[#8]
spark-text_io.ads:292:24: medium: precondition might fail, cannot prove Is_Writable (File)[#9]
spark-text_io.ads:294:24: medium: precondition might fail, cannot prove Is_Writable (File)[#10]
spark-text_io.ads:316:46: medium: precondition might fail, cannot prove Is_Open (File)[#11]
spark-text_io.ads:317:46: medium: precondition might fail, cannot prove Is_Open (File)[#12]
spark-text_io.ads:319:21: medium: precondition might fail, cannot prove Is_Writable (File)[#13]
spark-text_io.ads:339:46: medium: precondition might fail, cannot prove Is_Open (File)[#14]
spark-text_io.ads:340:46: medium: precondition might fail, cannot prove Is_Open (File)[#15]
spark-text_io.ads:342:24: medium: precondition might fail, cannot prove Is_Writable (File)[#16]
spark-text_io.ads:377:24: medium: precondition might fail, cannot prove Is_Open (File)[#18]
spark-text_io.ads:379:24: medium: precondition might fail, cannot prove Is_Open (File)[#19]
spark-text_io.ads:381:24: medium: precondition might fail, cannot prove Is_Writable (File)[#20]
spark-text_io.ads:383:24: medium: precondition might fail, cannot prove Is_Writable (File)[#17]
spark-text_io.ads:426:24: medium: precondition might fail, cannot prove Is_Open (File)[#21]
spark-text_io.ads:428:24: medium: precondition might fail, cannot prove Is_Open (File)[#22]
spark-text_io.ads:430:24: medium: precondition might fail, cannot prove Is_Writable (File)[#23]
spark-text_io.ads:432:24: medium: precondition might fail, cannot prove Is_Writable (File)[#24]
spark-text_io.ads:474:53: medium: precondition might fail, cannot prove Is_Open (File)[#29]
spark-text_io.ads:476:34: medium: precondition might fail, cannot prove Is_Open (File)[#25]
spark-text_io.ads:477:34: medium: precondition might fail, cannot prove Is_Open (File)[#26]
spark-text_io.ads:478:41: medium: precondition might fail, cannot prove Is_Writable (File)[#27]
spark-text_io.ads:479:41: medium: precondition might fail, cannot prove Is_Writable (File)[#28]
spark-text_io.ads:570:45: medium: precondition might fail, cannot prove Is_Open (File)[#30]
spark-text_io.ads:571:45: medium: precondition might fail, cannot prove Is_Open (File)[#31]
spark-text_io.ads:596:23: medium: precondition might fail, cannot prove Is_Open (File)[#34]
spark-text_io.ads:598:23: medium: precondition might fail, cannot prove Is_Open (File)[#35]
spark-text_io.ads:600:24: medium: precondition might fail, cannot prove Is_Writable (File)[#32]
spark-text_io.ads:602:24: medium: precondition might fail, cannot prove Is_Writable (File)[#33]
spark-text_io.ads:619:45: medium: precondition might fail, cannot prove Is_Open (File)[#36]
spark-text_io.ads:620:45: medium: precondition might fail, cannot prove Is_Open (File)[#37]
spark-text_io.ads:680:45: medium: precondition might fail, cannot prove Is_Open (File)[#38]
spark-text_io.ads:681:45: medium: precondition might fail, cannot prove Is_Open (File)[#39]
spark-text_io.ads:704:46: medium: precondition might fail, cannot prove Is_Open (File)[#40]
spark-text_io.ads:705:46: medium: precondition might fail, cannot prove Is_Open (File)[#41]
spark-text_io.ads:707:23: medium: precondition might fail, cannot prove Is_Writable (File)[#42]
spark-text_io.ads:709:23: medium: precondition might fail, cannot prove Is_Writable (File)[#43]
spark-text_io.ads:737:45: medium: precondition might fail, cannot prove Is_Open (File)[#45]
spark-text_io.ads:738:45: medium: precondition might fail, cannot prove Is_Open (File)[#44]
spark-text_io.ads:765:24: medium: precondition might fail, cannot prove Is_Open (File)[#49]
spark-text_io.ads:767:24: medium: precondition might fail, cannot prove Is_Open (File)[#46]
spark-text_io.ads:769:24: medium: precondition might fail, cannot prove Is_Writable (File)[#47]
spark-text_io.ads:771:24: medium: precondition might fail, cannot prove Is_Writable (File)[#48]
